Reading netlist file: "C:\Users\wyc\Desktop\uart_zyh4\uart_zyh\impl\gwsynthesis\uart_zyh.vg"
Parsing netlist file "C:\Users\wyc\Desktop\uart_zyh4\uart_zyh\impl\gwsynthesis\uart_zyh.vg" completed
Processing netlist completed
Physical Constraint parsed completed
Running placement......
[10%] Placement Phase 0 completed
[20%] Placement Phase 1 completed
[30%] Placement Phase 2 completed
[50%] Placement Phase 3 completed
Running routing......
[60%] Routing Phase 0 completed
[70%] Routing Phase 1 completed
[80%] Routing Phase 2 completed
[90%] Routing Phase 3 completed
Placement and routing completed
Running timing analysis......
[95%] Timing analysis completed
Bitstream generation in progress......
Bitstream generation completed
Running power analysis......
[100%] Power analysis completed
Generate file "C:\Users\wyc\Desktop\uart_zyh4\uart_zyh\impl\pnr\uart_zyh.power.html" completed
Generate file "C:\Users\wyc\Desktop\uart_zyh4\uart_zyh\impl\pnr\uart_zyh.pin.html" completed
Generate file "C:\Users\wyc\Desktop\uart_zyh4\uart_zyh\impl\pnr\uart_zyh.rpt.html" completed
Generate file "C:\Users\wyc\Desktop\uart_zyh4\uart_zyh\impl\pnr\uart_zyh.rpt.txt" completed
Generate file "C:\Users\wyc\Desktop\uart_zyh4\uart_zyh\impl\pnr\uart_zyh.tr.html" completed
Sun Nov 15 10:54:21 2020

